WARNING 2019-12-08 23:42:35,067 root : Problems... Problems... = Troubles
INFO 2019-12-08 23:45:05,401 root : Сервер доступний. Час на сервері: 12/08/19/12/2019 21:45:05
INFO 2019-12-08 23:45:05,402 root : Запитувана сторінка: : /health/
INFO 2019-12-08 23:45:05,402 root : Відповідь сервера місти наступні поля:
INFO 2019-12-08 23:45:05,402 root : Ключ: date, Значення: 12/08/19/12/2019 21:45:05
INFO 2019-12-08 23:45:05,402 root : Ключ: current_page, Значення: /health/
INFO 2019-12-08 23:45:05,402 root : Ключ: server_info, Значення: ['Linux', 'SayevichC', '5.0.0-23-generic', '#24~18.04.1-Ubuntu SMP Mon Jul 29 16:12:28 UTC 2019', 'x86_64']
INFO 2019-12-08 23:45:05,402 root : Ключ: client_info, Значення: python-requests/2.22.0
INFO 2019-12-08 23:46:05,518 root : Сервер доступний. Час на сервері: 12/08/19/12/2019 21:46:05
INFO 2019-12-08 23:46:05,519 root : Запитувана сторінка: : /health/
INFO 2019-12-08 23:46:05,519 root : Відповідь сервера місти наступні поля:
INFO 2019-12-08 23:46:05,519 root : Ключ: date, Значення: 12/08/19/12/2019 21:46:05
INFO 2019-12-08 23:46:05,519 root : Ключ: current_page, Значення: /health/
INFO 2019-12-08 23:46:05,519 root : Ключ: server_info, Значення: ['Linux', 'SayevichC', '5.0.0-23-generic', '#24~18.04.1-Ubuntu SMP Mon Jul 29 16:12:28 UTC 2019', 'x86_64']
INFO 2019-12-08 23:46:05,519 root : Ключ: client_info, Значення: python-requests/2.22.0
WARNING 2019-12-08 22:19:20,269 root : Problems... Problems... = Troubles
INFO 2019-12-08 22:20:20,397 root : Сервер доступний. Час на сервері: 12/08/19/12/2019 22:20:20
INFO 2019-12-08 22:20:20,398 root : Запитувана сторінка: : /health/
INFO 2019-12-08 22:20:20,398 root : Відповідь сервера місти наступні поля:
INFO 2019-12-08 22:20:20,398 root : Ключ: date, Значення: 12/08/19/12/2019 22:20:20
INFO 2019-12-08 22:20:20,399 root : Ключ: current_page, Значення: /health/
INFO 2019-12-08 22:20:20,399 root : Ключ: server_info, Значення: ['Linux', '8f373767377b', '5.0.0-23-generic', '#24~18.04.1-Ubuntu SMP Mon Jul 29 16:12:28 UTC 2019', 'x86_64']
INFO 2019-12-08 22:20:20,399 root : Ключ: client_info, Значення: python-requests/2.22.0
